ISim log file
Running: Z:\CS401_CA\EX04\MIPS_CPU_FPGA_AND_SIM_V4\mips\testbench_isim_beh.exe -intstyle ise -gui -tclbatch isim.cmd -wdb Z:/CS401_CA/EX04/MIPS_CPU_FPGA_AND_SIM_V4/mips/testbench_isim_beh.wdb 
ISim P.20131013 (signature 0x7708f090)
WARNING: A WEBPACK license was found.
WARNING: Please use Xilinx License Configuration Manager to check out a full ISim license.
WARNING: ISim will run in Lite mode. Please refer to the ISim documentation for more information on the differences between the Lite and the Full version.
This is a Lite version of ISim.
Time resolution is 1 ps
# onerror resume
# wave add /
# run 1000 ns
Simulator is doing circuit initialization process.
at 0 ps, Instance /testbench/dut/mips1/dp/pcadd1/ : Warning: There is an 'U'|'X'|'W'|'Z'|'-' in an arithmetic operand, the result will be 'X'(es).
at 0 ps, Instance /testbench/dut/mips1/dp/rf/ : Warning: NUMERIC_STD.TO_INTEGER: metavalue detected, returning 0
at 0 ps, Instance /testbench/dut/mips1/dp/rf/ : Warning: NUMERIC_STD.TO_INTEGER: metavalue detected, returning 0
at 0 ps, Instance /testbench/dut/mips1/dp/mainalu/ : Warning: There is an 'U'|'X'|'W'|'Z'|'-' in an arithmetic operand, the result will be 'X'(es).
at 0 ps, Instance /testbench/dut/imem1/ : Warning: NUMERIC_STD.TO_INTEGER: metavalue detected, returning 0
at 0 ps, Instance /testbench/dut/dmem1/ : Warning: NUMERIC_STD.TO_INTEGER: metavalue detected, returning 0
Finished circuit initialization process.
at 0 ps, Instance /testbench/dut/dmem1/ : Warning: NUMERIC_STD.TO_INTEGER: metavalue detected, returning 0
at 0 ps, Instance /testbench/dut/mips1/dp/mainalu/ : Warning: There is an 'U'|'X'|'W'|'Z'|'-' in an arithmetic operand, the result will be 'X'(es).
at 0 ps, Instance /testbench/dut/mips1/dp/mainalu/ : Warning: There is an 'U'|'X'|'W'|'Z'|'-' in an arithmetic operand, the result will be 'X'(es).
at 50 ns(6), Instance /testbench/dut/mips1/dp/mainalu/ : Warning: There is an 'U'|'X'|'W'|'Z'|'-' in an arithmetic operand, the result will be 'X'(es).
at 60 ns(5), Instance /testbench/dut/dmem1/ : Warning: NUMERIC_STD.TO_INTEGER: metavalue detected, returning 0
at 70 ns(4), Instance /testbench/dut/mips1/dp/mainalu/ : Warning: There is an 'U'|'X'|'W'|'Z'|'-' in an arithmetic operand, the result will be 'X'(es).
at 70 ns(5), Instance /testbench/dut/mips1/dp/mainalu/ : Warning: There is an 'U'|'X'|'W'|'Z'|'-' in an arithmetic operand, the result will be 'X'(es).
at 70 ns(6), Instance /testbench/dut/mips1/dp/mainalu/ : Warning: There is an 'U'|'X'|'W'|'Z'|'-' in an arithmetic operand, the result will be 'X'(es).
at 600 ns(6), Instance /testbench/dut/mips1/dp/mainalu/ : Warning: There is an 'U'|'X'|'W'|'Z'|'-' in an arithmetic operand, the result will be 'X'(es).
at 610 ns(5), Instance /testbench/dut/dmem1/ : Warning: NUMERIC_STD.TO_INTEGER: metavalue detected, returning 0
at 620 ns(4), Instance /testbench/dut/mips1/dp/mainalu/ : Warning: There is an 'U'|'X'|'W'|'Z'|'-' in an arithmetic operand, the result will be 'X'(es).
at 620 ns(5), Instance /testbench/dut/mips1/dp/mainalu/ : Warning: There is an 'U'|'X'|'W'|'Z'|'-' in an arithmetic operand, the result will be 'X'(es).
at 620 ns(6), Instance /testbench/dut/mips1/dp/mainalu/ : Warning: There is an 'U'|'X'|'W'|'Z'|'-' in an arithmetic operand, the result will be 'X'(es).
